Arguments: 
  C:\Program Files\nodejs\node.exe C:\Users\user\AppData\Roaming\npm\node_modules\yarn\bin\yarn.js init

PATH: 
  C:\oraclexe\app\oracle\product\11.2.0\server\bin;C:\ProgramData\Oracle\Java\javapath;C:\Windows\system32;C:\Windows;C:\Windows\System32\Wbem;C:\Windows\System32\WindowsPowerShell\v1.0\;C:\Program Files\Java\jdk1.8.0_102\bin;C:\Program Files\Intel\WiFi\bin\;C:\Program Files\Common Files\Intel\WirelessCommon\;C:\Program Files (x86)\scala\bin;C:\Program Files (x86)\Skype\Phone\;C:\Users\user\apache-maven-3.5.0\apache-maven-3.5.0;C:\Program Files\nodejs;C:\Users\user\AppData\Local\Programs\Python\Python36-32;C:\Program Files\nodejs\;C:\Program Files\Git\cmd;C:\ProgramData\chocolatey\bin;C:\Program Files (x86)\Brackets\command;C:\Users\user\.babun;C:\gatling-2.2.3\bin;C:\Program Files\Java\jdk1.8.0_102;C:\Users\user\apache-maven-3.5.0\apache-maven-3.5.0\bin;C:\Users\user\Downloads\NodeJS-171.4229\;C:\Users\user\AppData\Roaming\npm;C:\Program Files\Docker Toolbox;z:\bin;z:\usr\bin;C:\Program Files\Microsoft VS Code\bin

Yarn version: 
  1.2.1

Node version: 
  6.10.2

Platform: 
  win32 x64

npm manifest: 
  {
      "name": "indecision-app",
      "version": "1.0.0",
      "main": "index.js",
      "author": "GG",
      "license": "MIT"
  }

yarn manifest: 
  No manifest

Lockfile: 
  No lockfile

Trace: 
  Error: canceled
      at Interface.<anonymous> (C:\Users\user\AppData\Roaming\npm\node_modules\yarn\lib\cli.js:120971:13)
      at emitNone (events.js:86:13)
      at Interface.emit (events.js:185:7)
      at Interface._ttyWrite (readline.js:717:16)
      at ReadStream.onkeypress (readline.js:117:10)
      at emitTwo (events.js:106:13)
      at ReadStream.emit (events.js:191:7)
      at emitKeys (internal/readline.js:389:14)
      at next (native)
      at ReadStream.onData (readline.js:963:36)
